  main.cpp
D:\FinalProject\main.cpp(142,18): warning C4244: “=”: 从“int”转换到“float”，可能丢失数据
D:\FinalProject\main.cpp(146,48): warning C4244: “=”: 从“int”转换到“float”，可能丢失数据
D:\FinalProject\main.cpp(205,10): warning C4244: “=”: 从“float”转换到“int”，可能丢失数据
D:\FinalProject\main.cpp(206,10): warning C4244: “=”: 从“float”转换到“int”，可能丢失数据
D:\FinalProject\main.cpp(232,23): warning C4244: “参数”: 从“float”转换到“int”，可能丢失数据
D:\FinalProject\main.cpp(232,15): warning C4244: “参数”: 从“float”转换到“int”，可能丢失数据
D:\FinalProject\main.cpp(234,26): warning C4244: “参数”: 从“float”转换到“int”，可能丢失数据
D:\FinalProject\main.cpp(234,17): warning C4244: “参数”: 从“float”转换到“int”，可能丢失数据
D:\FinalProject\main.cpp(236,36): warning C4244: “参数”: 从“float”转换到“int”，可能丢失数据
D:\FinalProject\main.cpp(236,33): warning C4244: “参数”: 从“float”转换到“int”，可能丢失数据
D:\FinalProject\main.cpp(237,36): warning C4244: “参数”: 从“float”转换到“int”，可能丢失数据
D:\FinalProject\main.cpp(237,33): warning C4244: “参数”: 从“float”转换到“int”，可能丢失数据
D:\FinalProject\main.cpp(238,36): warning C4244: “参数”: 从“float”转换到“int”，可能丢失数据
D:\FinalProject\main.cpp(238,33): warning C4244: “参数”: 从“float”转换到“int”，可能丢失数据
D:\FinalProject\main.cpp(244,34): warning C4244: “参数”: 从“float”转换到“int”，可能丢失数据
D:\FinalProject\main.cpp(244,31): warning C4244: “参数”: 从“float”转换到“int”，可能丢失数据
D:\FinalProject\main.cpp(245,33): warning C4244: “参数”: 从“float”转换到“int”，可能丢失数据
D:\FinalProject\main.cpp(245,30): warning C4244: “参数”: 从“float”转换到“int”，可能丢失数据
D:\FinalProject\main.cpp(262,25): warning C4244: “参数”: 从“float”转换到“int”，可能丢失数据
D:\FinalProject\main.cpp(262,17): warning C4244: “参数”: 从“float”转换到“int”，可能丢失数据
D:\FinalProject\main.cpp(263,32): warning C4244: “参数”: 从“float”转换到“int”，可能丢失数据
D:\FinalProject\main.cpp(263,24): warning C4244: “参数”: 从“float”转换到“int”，可能丢失数据
D:\FinalProject\main.cpp(277,22): warning C4244: “参数”: 从“float”转换到“int”，可能丢失数据
D:\FinalProject\main.cpp(278,34): warning C4244: “参数”: 从“float”转换到“int”，可能丢失数据
D:\FinalProject\main.cpp(278,31): warning C4244: “参数”: 从“float”转换到“int”，可能丢失数据
D:\FinalProject\main.cpp(285,53): warning C4244: “=”: 从“int”转换到“float”，可能丢失数据
D:\FinalProject\main.cpp(288,55): warning C4244: “=”: 从“int”转换到“float”，可能丢失数据
D:\FinalProject\main.cpp(291,53): warning C4244: “=”: 从“int”转换到“float”，可能丢失数据
D:\FinalProject\main.cpp(297,45): warning C4244: “参数”: 从“float”转换到“int”，可能丢失数据
D:\FinalProject\main.cpp(297,32): warning C4244: “参数”: 从“float”转换到“int”，可能丢失数据
D:\FinalProject\main.cpp(308,16): warning C4244: “=”: 从“float”转换到“int”，可能丢失数据
D:\FinalProject\main.cpp(309,17): warning C4244: “=”: 从“float”转换到“int”，可能丢失数据
D:\FinalProject\main.cpp(311,13): warning C4244: “return”: 从“double”转换到“float”，可能丢失数据
D:\FinalProject\main.cpp(356,12): warning C4244: “初始化”: 从“int”转换到“float”，可能丢失数据
D:\FinalProject\main.cpp(357,13): warning C4244: “初始化”: 从“int”转换到“float”，可能丢失数据
D:\FinalProject\main.cpp(442,27): warning C4244: “=”: 从“int”转换到“float”，可能丢失数据
D:\FinalProject\main.cpp(569,14): warning C4244: “=”: 从“int”转换到“float”，可能丢失数据
  FinalProject.vcxproj -> D:\FinalProject\x64\Debug\FinalProject.exe
